Handling lib "i2c"...
Handling lib "ca-bundle"...
Handling lib "rpc-service-config"...
Handling lib "rpc-service-fs"...
Handling lib "arduino-adafruit-ssd1306"...
Handling lib "arduino-adafruit-gfx"...
Handling lib "rpc-uart"...
Handling lib "spi"...
The --lib flag was not given for it, checking repository
The --lib flag was not given for it, checking repository
The --lib flag was not given for it, checking repository
The --lib flag was not given for it, checking repository
The --lib flag was not given for it, checking repository
The --lib flag was not given for it, checking repository
The --lib flag was not given for it, checking repository
Repository "/fwbuild-volumes/2.1/apps/ssd1306_oled_Test/esp8266/build_contexts/build_ctx_948793274/libs/i2c" does not exist, cloning...

Repository "/fwbuild-volumes/2.1/apps/ssd1306_oled_Test/esp8266/build_contexts/build_ctx_948793274/libs/rpc-service-config" does not exist, cloning...

Repository "/fwbuild-volumes/2.1/apps/ssd1306_oled_Test/esp8266/build_contexts/build_ctx_948793274/libs/rpc-service-fs" does not exist, cloning...

Repository "/fwbuild-volumes/2.1/apps/ssd1306_oled_Test/esp8266/build_contexts/build_ctx_948793274/libs/ca-bundle" does not exist, cloning...

Repository "/fwbuild-volumes/2.1/apps/ssd1306_oled_Test/esp8266/build_contexts/build_ctx_948793274/libs/arduino-adafruit-gfx" does not exist, cloning...

Repository "/fwbuild-volumes/2.1/apps/ssd1306_oled_Test/esp8266/build_contexts/build_ctx_948793274/libs/arduino-adafruit-ssd1306" does not exist, cloning...

Repository "/fwbuild-volumes/2.1/apps/ssd1306_oled_Test/esp8266/build_contexts/build_ctx_948793274/libs/rpc-uart" does not exist, cloning...

The --lib flag was not given for it, checking repository
Repository "/fwbuild-volumes/2.1/apps/ssd1306_oled_Test/esp8266/build_contexts/build_ctx_948793274/libs/spi" does not exist, cloning...

Hash is updated: "" -> "22b41ef50babf5f0dacf6f54832741a5b9e16ae4"
Hash is updated: "" -> "fec1c77df6513717037bafefd3cc70e1969a8dd7"
Hash is updated: "" -> "1d4c01f1932ebf49b8d4b8d54fa8b74f393432f9"
Hash is updated: "" -> "6a20226269c271e3e03416e8f25848c3b5a088cd"
Hash is updated: "" -> "354f394ea6142cf7958d1c03464326177cc90a4f"
Hash is updated: "" -> "2189718e635e3e91b97d9b173b7f1f01416811c3"
Hash is updated: "" -> "0893e1403badfcfbd0a5f3b8695300999a1366fc"
Hash is updated: "" -> "d956323bcadc0caf1302b183cd010ed8dfa8ccc9"
Successfully fetched prebuilt binary for "ca-bundle" to "/fwbuild-volumes/2.1/apps/ssd1306_oled_Test/esp8266/build_contexts/build_ctx_948793274/libs/ca-bundle/lib/esp8266/libca-bundle.a"
Prepared local dir: "/fwbuild-volumes/2.1/apps/ssd1306_oled_Test/esp8266/build_contexts/build_ctx_948793274/libs/ca-bundle"
Handling lib "mongoose"...
The --lib flag was not given for it, checking repository
Repository "/fwbuild-volumes/2.1/apps/ssd1306_oled_Test/esp8266/build_contexts/build_ctx_948793274/libs/mongoose" does not exist, cloning...

Successfully fetched prebuilt binary for "rpc-service-config" to "/fwbuild-volumes/2.1/apps/ssd1306_oled_Test/esp8266/build_contexts/build_ctx_948793274/libs/rpc-service-config/lib/esp8266/librpc-service-config.a"
Prepared local dir: "/fwbuild-volumes/2.1/apps/ssd1306_oled_Test/esp8266/build_contexts/build_ctx_948793274/libs/rpc-service-config"
Handling lib "rpc-common"...
The --lib flag was not given for it, checking repository
Repository "/fwbuild-volumes/2.1/apps/ssd1306_oled_Test/esp8266/build_contexts/build_ctx_948793274/libs/rpc-common" does not exist, cloning...

Successfully fetched prebuilt binary for "rpc-service-fs" to "/fwbuild-volumes/2.1/apps/ssd1306_oled_Test/esp8266/build_contexts/build_ctx_948793274/libs/rpc-service-fs/lib/esp8266/librpc-service-fs.a"
Prepared local dir: "/fwbuild-volumes/2.1/apps/ssd1306_oled_Test/esp8266/build_contexts/build_ctx_948793274/libs/rpc-service-fs"
Lib "rpc-common" is already handled, skipping
Successfully fetched prebuilt binary for "rpc-uart" to "/fwbuild-volumes/2.1/apps/ssd1306_oled_Test/esp8266/build_contexts/build_ctx_948793274/libs/rpc-uart/lib/esp8266/librpc-uart.a"
Prepared local dir: "/fwbuild-volumes/2.1/apps/ssd1306_oled_Test/esp8266/build_contexts/build_ctx_948793274/libs/rpc-uart"
Lib "rpc-common" is already handled, skipping
Successfully fetched prebuilt binary for "i2c" to "/fwbuild-volumes/2.1/apps/ssd1306_oled_Test/esp8266/build_contexts/build_ctx_948793274/libs/i2c/lib/esp8266/libi2c.a"
Prepared local dir: "/fwbuild-volumes/2.1/apps/ssd1306_oled_Test/esp8266/build_contexts/build_ctx_948793274/libs/i2c"
Lib "mongoose" is already handled, skipping
Successfully fetched prebuilt binary for "spi" to "/fwbuild-volumes/2.1/apps/ssd1306_oled_Test/esp8266/build_contexts/build_ctx_948793274/libs/spi/lib/esp8266/libspi.a"
Prepared local dir: "/fwbuild-volumes/2.1/apps/ssd1306_oled_Test/esp8266/build_contexts/build_ctx_948793274/libs/spi"
Lib "mongoose" is already handled, skipping
Hash is updated: "" -> "d9acb85d53e94d62795cf3ddcbcf8d76cbd5f7bc"
Successfully fetched prebuilt binary for "arduino-adafruit-gfx" to "/fwbuild-volumes/2.1/apps/ssd1306_oled_Test/esp8266/build_contexts/build_ctx_948793274/libs/arduino-adafruit-gfx/lib/esp8266/libarduino-adafruit-gfx.a"
Prepared local dir: "/fwbuild-volumes/2.1/apps/ssd1306_oled_Test/esp8266/build_contexts/build_ctx_948793274/libs/arduino-adafruit-gfx"
Handling lib "arduino-compat"...
The --lib flag was not given for it, checking repository
Repository "/fwbuild-volumes/2.1/apps/ssd1306_oled_Test/esp8266/build_contexts/build_ctx_948793274/libs/arduino-compat" does not exist, cloning...

Successfully fetched prebuilt binary for "arduino-adafruit-ssd1306" to "/fwbuild-volumes/2.1/apps/ssd1306_oled_Test/esp8266/build_contexts/build_ctx_948793274/libs/arduino-adafruit-ssd1306/lib/esp8266/libarduino-adafruit-ssd1306.a"
Prepared local dir: "/fwbuild-volumes/2.1/apps/ssd1306_oled_Test/esp8266/build_contexts/build_ctx_948793274/libs/arduino-adafruit-ssd1306"
Lib "arduino-compat" is already handled, skipping
Lib "arduino-adafruit-gfx" is already handled, skipping
Handling lib "arduino-wire"...
Handling lib "arduino-spi"...
The --lib flag was not given for it, checking repository
The --lib flag was not given for it, checking repository
Repository "/fwbuild-volumes/2.1/apps/ssd1306_oled_Test/esp8266/build_contexts/build_ctx_948793274/libs/arduino-wire" does not exist, cloning...

Repository "/fwbuild-volumes/2.1/apps/ssd1306_oled_Test/esp8266/build_contexts/build_ctx_948793274/libs/arduino-spi" does not exist, cloning...

Hash is updated: "" -> "ab63fe41f2f1edae6a35f1a27efc2668dbb36cac"
Falling back to sources for "rpc-common" (failed to fetch prebuilt binary: got 404 status code when accessed https://github.com/mongoose-os-libs/rpc-common/releases/download/2.1/librpc-common-esp8266.a)
Prepared local dir: "/fwbuild-volumes/2.1/apps/ssd1306_oled_Test/esp8266/build_contexts/build_ctx_948793274/libs/rpc-common"
Lib "http-server" is optional, skipping
Hash is updated: "" -> "d7d74a91b63180f6138491790c574cfd0e4bc4ee"
Hash is updated: "" -> "47ccc7fdea9e8fb21569d65e5a17916e949baa24"
Hash is updated: "" -> "c498da5fff8255fd8881f1378b957733be3c4ae5"
Successfully fetched prebuilt binary for "mongoose" to "/fwbuild-volumes/2.1/apps/ssd1306_oled_Test/esp8266/build_contexts/build_ctx_948793274/libs/mongoose/lib/esp8266/libmongoose.a"
Prepared local dir: "/fwbuild-volumes/2.1/apps/ssd1306_oled_Test/esp8266/build_contexts/build_ctx_948793274/libs/mongoose"
Successfully fetched prebuilt binary for "arduino-wire" to "/fwbuild-volumes/2.1/apps/ssd1306_oled_Test/esp8266/build_contexts/build_ctx_948793274/libs/arduino-wire/lib/esp8266/libarduino-wire.a"
Prepared local dir: "/fwbuild-volumes/2.1/apps/ssd1306_oled_Test/esp8266/build_contexts/build_ctx_948793274/libs/arduino-wire"
Lib "i2c" is already handled, skipping
Lib "arduino-compat" is already handled, skipping
Successfully fetched prebuilt binary for "arduino-compat" to "/fwbuild-volumes/2.1/apps/ssd1306_oled_Test/esp8266/build_contexts/build_ctx_948793274/libs/arduino-compat/lib/esp8266/libarduino-compat.a"
Prepared local dir: "/fwbuild-volumes/2.1/apps/ssd1306_oled_Test/esp8266/build_contexts/build_ctx_948793274/libs/arduino-compat"
Lib "mongoose" is already handled, skipping
Successfully fetched prebuilt binary for "arduino-spi" to "/fwbuild-volumes/2.1/apps/ssd1306_oled_Test/esp8266/build_contexts/build_ctx_948793274/libs/arduino-spi/lib/esp8266/libarduino-spi.a"
Prepared local dir: "/fwbuild-volumes/2.1/apps/ssd1306_oled_Test/esp8266/build_contexts/build_ctx_948793274/libs/arduino-spi"
Lib "arduino-compat" is already handled, skipping
Lib "spi" is already handled, skipping
The flag --repo is not given, going to use mongoose-os repository
Sources: [/fwbuild-volumes/2.1/apps/ssd1306_oled_Test/esp8266/build_contexts/build_ctx_948793274/src/main.c /fwbuild-volumes/2.1/apps/ssd1306_oled_Test/esp8266/build_contexts/build_ctx_948793274/build/gen/mgos_deps_init.c /fwbuild-volumes/2.1/apps/ssd1306_oled_Test/esp8266/build_contexts/build_ctx_948793274/libs/arduino-compat/src/Print.cpp /fwbuild-volumes/2.1/apps/ssd1306_oled_Test/esp8266/build_contexts/build_ctx_948793274/libs/arduino-compat/src/WString.cpp /fwbuild-volumes/2.1/apps/ssd1306_oled_Test/esp8266/build_contexts/build_ctx_948793274/libs/arduino-compat/src/mgos_arduino.cpp /fwbuild-volumes/2.1/apps/ssd1306_oled_Test/esp8266/build_contexts/build_ctx_948793274/libs/arduino-adafruit-gfx/src/glcdfont.c /fwbuild-volumes/2.1/apps/ssd1306_oled_Test/esp8266/build_contexts/build_ctx_948793274/libs/arduino-adafruit-gfx/src/mgos_arduino_adafruit_gfx_c.c /fwbuild-volumes/2.1/apps/ssd1306_oled_Test/esp8266/build_contexts/build_ctx_948793274/libs/arduino-adafruit-gfx/src/Adafruit_GFX.cpp /fwbuild-volumes/2.1/apps/ssd1306_oled_Test/esp8266/build_contexts/build_ctx_948793274/libs/spi/src/mgos_spi.c /fwbuild-volumes/2.1/apps/ssd1306_oled_Test/esp8266/build_contexts/build_ctx_948793274/libs/spi/src/mgos_spi_mjs.c /fwbuild-volumes/2.1/apps/ssd1306_oled_Test/esp8266/build_contexts/build_ctx_948793274/libs/spi/src/common_gpio/mgos_spi_gpio.c /fwbuild-volumes/2.1/apps/ssd1306_oled_Test/esp8266/build_contexts/build_ctx_948793274/libs/arduino-spi/src/mgos_arduino_spi_c.c /fwbuild-volumes/2.1/apps/ssd1306_oled_Test/esp8266/build_contexts/build_ctx_948793274/libs/arduino-spi/src/mgos_arduino_spi.cpp /fwbuild-volumes/2.1/apps/ssd1306_oled_Test/esp8266/build_contexts/build_ctx_948793274/libs/i2c/src/mgos_i2c.c /fwbuild-volumes/2.1/apps/ssd1306_oled_Test/esp8266/build_contexts/build_ctx_948793274/libs/i2c/src/common_gpio/mgos_i2c_gpio.c /fwbuild-volumes/2.1/apps/ssd1306_oled_Test/esp8266/build_contexts/build_ctx_948793274/libs/arduino-wire/src/mgos_arduino_wire_c.c /fwbuild-volumes/2.1/apps/ssd1306_oled_Test/esp8266/build_contexts/build_ctx_948793274/libs/arduino-wire/src/mgos_arduino_wire.cpp /fwbuild-volumes/2.1/apps/ssd1306_oled_Test/esp8266/build_contexts/build_ctx_948793274/libs/arduino-adafruit-ssd1306/src/mgos_arduino_adafruit_ssd1306_c.c /fwbuild-volumes/2.1/apps/ssd1306_oled_Test/esp8266/build_contexts/build_ctx_948793274/libs/arduino-adafruit-ssd1306/src/Adafruit_SSD1306.cpp /fwbuild-volumes/2.1/apps/ssd1306_oled_Test/esp8266/build_contexts/build_ctx_948793274/libs/arduino-adafruit-ssd1306/src/mgos_arduino_ssd1306.cpp /fwbuild-volumes/2.1/apps/ssd1306_oled_Test/esp8266/build_contexts/build_ctx_948793274/libs/ca-bundle/src/mgos_ca_bundle.c /fwbuild-volumes/2.1/apps/ssd1306_oled_Test/esp8266/build_contexts/build_ctx_948793274/libs/rpc-common/src/mg_rpc/mg_rpc.c /fwbuild-volumes/2.1/apps/ssd1306_oled_Test/esp8266/build_contexts/build_ctx_948793274/libs/rpc-common/src/mg_rpc/mg_rpc_channel.c /fwbuild-volumes/2.1/apps/ssd1306_oled_Test/esp8266/build_contexts/build_ctx_948793274/libs/rpc-common/src/mg_rpc/mg_rpc_channel_http.c /fwbuild-volumes/2.1/apps/ssd1306_oled_Test/esp8266/build_contexts/build_ctx_948793274/libs/rpc-common/src/mg_rpc/mg_rpc_channel_ws.c /fwbuild-volumes/2.1/apps/ssd1306_oled_Test/esp8266/build_contexts/build_ctx_948793274/libs/rpc-common/src/mgos_rpc.c /fwbuild-volumes/2.1/apps/ssd1306_oled_Test/esp8266/build_contexts/build_ctx_948793274/libs/rpc-service-config/src/mgos_service_config.c /fwbuild-volumes/2.1/apps/ssd1306_oled_Test/esp8266/build_contexts/build_ctx_948793274/libs/rpc-service-fs/src/mgos_service_filesystem.c /fwbuild-volumes/2.1/apps/ssd1306_oled_Test/esp8266/build_contexts/build_ctx_948793274/libs/rpc-uart/src/mgos_rpc_channel_uart.c]
Include dirs: [/fwbuild-volumes/2.1/apps/ssd1306_oled_Test/esp8266/build_contexts/build_ctx_948793274/libs/mongoose/include /fwbuild-volumes/2.1/apps/ssd1306_oled_Test/esp8266/build_contexts/build_ctx_948793274/libs/arduino-compat/include /fwbuild-volumes/2.1/apps/ssd1306_oled_Test/esp8266/build_contexts/build_ctx_948793274/libs/arduino-adafruit-gfx/include /fwbuild-volumes/2.1/apps/ssd1306_oled_Test/esp8266/build_contexts/build_ctx_948793274/libs/spi/include /fwbuild-volumes/2.1/apps/ssd1306_oled_Test/esp8266/build_contexts/build_ctx_948793274/libs/arduino-spi/include /fwbuild-volumes/2.1/apps/ssd1306_oled_Test/esp8266/build_contexts/build_ctx_948793274/libs/i2c/include /fwbuild-volumes/2.1/apps/ssd1306_oled_Test/esp8266/build_contexts/build_ctx_948793274/libs/arduino-wire/include /fwbuild-volumes/2.1/apps/ssd1306_oled_Test/esp8266/build_contexts/build_ctx_948793274/libs/arduino-adafruit-ssd1306/include /fwbuild-volumes/2.1/apps/ssd1306_oled_Test/esp8266/build_contexts/build_ctx_948793274/libs/rpc-common/include/mg_rpc /fwbuild-volumes/2.1/apps/ssd1306_oled_Test/esp8266/build_contexts/build_ctx_948793274/libs/rpc-common/include /fwbuild-volumes/2.1/apps/ssd1306_oled_Test/esp8266/build_contexts/build_ctx_948793274/libs/rpc-service-config/include /fwbuild-volumes/2.1/apps/ssd1306_oled_Test/esp8266/build_contexts/build_ctx_948793274/libs/rpc-service-fs/include /fwbuild-volumes/2.1/apps/ssd1306_oled_Test/esp8266/build_contexts/build_ctx_948793274/libs/rpc-uart/include]
Binary libs: [/fwbuild-volumes/2.1/apps/ssd1306_oled_Test/esp8266/build_contexts/build_ctx_948793274/libs/mongoose/lib/esp8266/libmongoose.a]
Building...
mount from "/fwbuild-volumes/2.1/apps/ssd1306_oled_Test/esp8266/build_contexts/build_ctx_948793274" to "/app"
mount from "/fwbuild-volumes/2.1/apps/ssd1306_oled_Test/esp8266/build_contexts/build_ctx_948793274/modules/mongoose-os" to "/mongoose-os"
mount from "/fwbuild-volumes/2.1/apps/ssd1306_oled_Test/esp8266/build_contexts/build_ctx_948793274/modules/mongoose-os" to "/fwbuild-volumes/2.1/apps/ssd1306_oled_Test/esp8266/build_contexts/build_ctx_948793274/modules/mongoose-os"
mount from "/fwbuild-volumes/2.1/apps/ssd1306_oled_Test/esp8266/build_contexts/build_ctx_948793274/build" to "/fwbuild-volumes/2.1/apps/ssd1306_oled_Test/esp8266/build_contexts/build_ctx_948793274/build"
mount from "/fwbuild-volumes/2.1/apps/ssd1306_oled_Test/esp8266/build_contexts/build_ctx_948793274/src" to "/fwbuild-volumes/2.1/apps/ssd1306_oled_Test/esp8266/build_contexts/build_ctx_948793274/src"
mount from "/fwbuild-volumes/2.1/apps/ssd1306_oled_Test/esp8266/build_contexts/build_ctx_948793274/build/gen" to "/fwbuild-volumes/2.1/apps/ssd1306_oled_Test/esp8266/build_contexts/build_ctx_948793274/build/gen"
mount from "/fwbuild-volumes/2.1/apps/ssd1306_oled_Test/esp8266/build_contexts/build_ctx_948793274/libs/arduino-compat/src" to "/fwbuild-volumes/2.1/apps/ssd1306_oled_Test/esp8266/build_contexts/build_ctx_948793274/libs/arduino-compat/src"
mount from "/fwbuild-volumes/2.1/apps/ssd1306_oled_Test/esp8266/build_contexts/build_ctx_948793274/libs/arduino-adafruit-gfx/src" to "/fwbuild-volumes/2.1/apps/ssd1306_oled_Test/esp8266/build_contexts/build_ctx_948793274/libs/arduino-adafruit-gfx/src"
mount from "/fwbuild-volumes/2.1/apps/ssd1306_oled_Test/esp8266/build_contexts/build_ctx_948793274/libs/spi/src" to "/fwbuild-volumes/2.1/apps/ssd1306_oled_Test/esp8266/build_contexts/build_ctx_948793274/libs/spi/src"
mount from "/fwbuild-volumes/2.1/apps/ssd1306_oled_Test/esp8266/build_contexts/build_ctx_948793274/libs/spi/src/common_gpio" to "/fwbuild-volumes/2.1/apps/ssd1306_oled_Test/esp8266/build_contexts/build_ctx_948793274/libs/spi/src/common_gpio"
mount from "/fwbuild-volumes/2.1/apps/ssd1306_oled_Test/esp8266/build_contexts/build_ctx_948793274/libs/arduino-spi/src" to "/fwbuild-volumes/2.1/apps/ssd1306_oled_Test/esp8266/build_contexts/build_ctx_948793274/libs/arduino-spi/src"
mount from "/fwbuild-volumes/2.1/apps/ssd1306_oled_Test/esp8266/build_contexts/build_ctx_948793274/libs/i2c/src" to "/fwbuild-volumes/2.1/apps/ssd1306_oled_Test/esp8266/build_contexts/build_ctx_948793274/libs/i2c/src"
mount from "/fwbuild-volumes/2.1/apps/ssd1306_oled_Test/esp8266/build_contexts/build_ctx_948793274/libs/i2c/src/common_gpio" to "/fwbuild-volumes/2.1/apps/ssd1306_oled_Test/esp8266/build_contexts/build_ctx_948793274/libs/i2c/src/common_gpio"
mount from "/fwbuild-volumes/2.1/apps/ssd1306_oled_Test/esp8266/build_contexts/build_ctx_948793274/libs/arduino-wire/src" to "/fwbuild-volumes/2.1/apps/ssd1306_oled_Test/esp8266/build_contexts/build_ctx_948793274/libs/arduino-wire/src"
mount from "/fwbuild-volumes/2.1/apps/ssd1306_oled_Test/esp8266/build_contexts/build_ctx_948793274/libs/arduino-adafruit-ssd1306/src" to "/fwbuild-volumes/2.1/apps/ssd1306_oled_Test/esp8266/build_contexts/build_ctx_948793274/libs/arduino-adafruit-ssd1306/src"
mount from "/fwbuild-volumes/2.1/apps/ssd1306_oled_Test/esp8266/build_contexts/build_ctx_948793274/libs/ca-bundle/src" to "/fwbuild-volumes/2.1/apps/ssd1306_oled_Test/esp8266/build_contexts/build_ctx_948793274/libs/ca-bundle/src"
mount from "/fwbuild-volumes/2.1/apps/ssd1306_oled_Test/esp8266/build_contexts/build_ctx_948793274/libs/rpc-common/src/mg_rpc" to "/fwbuild-volumes/2.1/apps/ssd1306_oled_Test/esp8266/build_contexts/build_ctx_948793274/libs/rpc-common/src/mg_rpc"
mount from "/fwbuild-volumes/2.1/apps/ssd1306_oled_Test/esp8266/build_contexts/build_ctx_948793274/libs/rpc-common/src" to "/fwbuild-volumes/2.1/apps/ssd1306_oled_Test/esp8266/build_contexts/build_ctx_948793274/libs/rpc-common/src"
mount from "/fwbuild-volumes/2.1/apps/ssd1306_oled_Test/esp8266/build_contexts/build_ctx_948793274/libs/rpc-service-config/src" to "/fwbuild-volumes/2.1/apps/ssd1306_oled_Test/esp8266/build_contexts/build_ctx_948793274/libs/rpc-service-config/src"
mount from "/fwbuild-volumes/2.1/apps/ssd1306_oled_Test/esp8266/build_contexts/build_ctx_948793274/libs/rpc-service-fs/src" to "/fwbuild-volumes/2.1/apps/ssd1306_oled_Test/esp8266/build_contexts/build_ctx_948793274/libs/rpc-service-fs/src"
mount from "/fwbuild-volumes/2.1/apps/ssd1306_oled_Test/esp8266/build_contexts/build_ctx_948793274/libs/rpc-uart/src" to "/fwbuild-volumes/2.1/apps/ssd1306_oled_Test/esp8266/build_contexts/build_ctx_948793274/libs/rpc-uart/src"
mount from "/fwbuild-volumes/2.1/apps/ssd1306_oled_Test/esp8266/build_contexts/build_ctx_948793274/libs/mongoose/include" to "/fwbuild-volumes/2.1/apps/ssd1306_oled_Test/esp8266/build_contexts/build_ctx_948793274/libs/mongoose/include"
mount from "/fwbuild-volumes/2.1/apps/ssd1306_oled_Test/esp8266/build_contexts/build_ctx_948793274/libs/arduino-compat/include" to "/fwbuild-volumes/2.1/apps/ssd1306_oled_Test/esp8266/build_contexts/build_ctx_948793274/libs/arduino-compat/include"
mount from "/fwbuild-volumes/2.1/apps/ssd1306_oled_Test/esp8266/build_contexts/build_ctx_948793274/libs/arduino-adafruit-gfx/include" to "/fwbuild-volumes/2.1/apps/ssd1306_oled_Test/esp8266/build_contexts/build_ctx_948793274/libs/arduino-adafruit-gfx/include"
mount from "/fwbuild-volumes/2.1/apps/ssd1306_oled_Test/esp8266/build_contexts/build_ctx_948793274/libs/spi/include" to "/fwbuild-volumes/2.1/apps/ssd1306_oled_Test/esp8266/build_contexts/build_ctx_948793274/libs/spi/include"
mount from "/fwbuild-volumes/2.1/apps/ssd1306_oled_Test/esp8266/build_contexts/build_ctx_948793274/libs/arduino-spi/include" to "/fwbuild-volumes/2.1/apps/ssd1306_oled_Test/esp8266/build_contexts/build_ctx_948793274/libs/arduino-spi/include"
mount from "/fwbuild-volumes/2.1/apps/ssd1306_oled_Test/esp8266/build_contexts/build_ctx_948793274/libs/i2c/include" to "/fwbuild-volumes/2.1/apps/ssd1306_oled_Test/esp8266/build_contexts/build_ctx_948793274/libs/i2c/include"
mount from "/fwbuild-volumes/2.1/apps/ssd1306_oled_Test/esp8266/build_contexts/build_ctx_948793274/libs/arduino-wire/include" to "/fwbuild-volumes/2.1/apps/ssd1306_oled_Test/esp8266/build_contexts/build_ctx_948793274/libs/arduino-wire/include"
mount from "/fwbuild-volumes/2.1/apps/ssd1306_oled_Test/esp8266/build_contexts/build_ctx_948793274/libs/arduino-adafruit-ssd1306/include" to "/fwbuild-volumes/2.1/apps/ssd1306_oled_Test/esp8266/build_contexts/build_ctx_948793274/libs/arduino-adafruit-ssd1306/include"
mount from "/fwbuild-volumes/2.1/apps/ssd1306_oled_Test/esp8266/build_contexts/build_ctx_948793274/libs/rpc-common/include/mg_rpc" to "/fwbuild-volumes/2.1/apps/ssd1306_oled_Test/esp8266/build_contexts/build_ctx_948793274/libs/rpc-common/include/mg_rpc"
mount from "/fwbuild-volumes/2.1/apps/ssd1306_oled_Test/esp8266/build_contexts/build_ctx_948793274/libs/rpc-common/include" to "/fwbuild-volumes/2.1/apps/ssd1306_oled_Test/esp8266/build_contexts/build_ctx_948793274/libs/rpc-common/include"
mount from "/fwbuild-volumes/2.1/apps/ssd1306_oled_Test/esp8266/build_contexts/build_ctx_948793274/libs/rpc-service-config/include" to "/fwbuild-volumes/2.1/apps/ssd1306_oled_Test/esp8266/build_contexts/build_ctx_948793274/libs/rpc-service-config/include"
mount from "/fwbuild-volumes/2.1/apps/ssd1306_oled_Test/esp8266/build_contexts/build_ctx_948793274/libs/rpc-service-fs/include" to "/fwbuild-volumes/2.1/apps/ssd1306_oled_Test/esp8266/build_contexts/build_ctx_948793274/libs/rpc-service-fs/include"
mount from "/fwbuild-volumes/2.1/apps/ssd1306_oled_Test/esp8266/build_contexts/build_ctx_948793274/libs/rpc-uart/include" to "/fwbuild-volumes/2.1/apps/ssd1306_oled_Test/esp8266/build_contexts/build_ctx_948793274/libs/rpc-uart/include"
mount from "/fwbuild-volumes/2.1/apps/ssd1306_oled_Test/esp8266/build_contexts/build_ctx_948793274/libs/ca-bundle/fs" to "/fwbuild-volumes/2.1/apps/ssd1306_oled_Test/esp8266/build_contexts/build_ctx_948793274/libs/ca-bundle/fs"
mount from "/fwbuild-volumes/2.1/apps/ssd1306_oled_Test/esp8266/build_contexts/build_ctx_948793274/fs" to "/fwbuild-volumes/2.1/apps/ssd1306_oled_Test/esp8266/build_contexts/build_ctx_948793274/fs"
mount from "/fwbuild-volumes/2.1/apps/ssd1306_oled_Test/esp8266/build_contexts/build_ctx_948793274/libs/mongoose/lib/esp8266" to "/fwbuild-volumes/2.1/apps/ssd1306_oled_Test/esp8266/build_contexts/build_ctx_948793274/libs/mongoose/lib/esp8266"
mount from "/fwbuild-volumes/2.1/apps/ssd1306_oled_Test/esp8266/build_contexts/build_ctx_948793274/build/gen" to "/fwbuild-volumes/2.1/apps/ssd1306_oled_Test/esp8266/build_contexts/build_ctx_948793274/build/gen"
Docker arguments: run --name mos_build_2018-04-23T22-23-53-00_3074895119528562227 --rm -i -v /fwbuild-volumes/2.1/apps/ssd1306_oled_Test/esp8266/build_contexts/build_ctx_948793274/modules/mongoose-os:/fwbuild-volumes/2.1/apps/ssd1306_oled_Test/esp8266/build_contexts/build_ctx_948793274/modules/mongoose-os -v /fwbuild-volumes/2.1/apps/ssd1306_oled_Test/esp8266/build_contexts/build_ctx_948793274/libs/arduino-wire/src:/fwbuild-volumes/2.1/apps/ssd1306_oled_Test/esp8266/build_contexts/build_ctx_948793274/libs/arduino-wire/src -v /fwbuild-volumes/2.1/apps/ssd1306_oled_Test/esp8266/build_contexts/build_ctx_948793274/libs/arduino-adafruit-ssd1306/src:/fwbuild-volumes/2.1/apps/ssd1306_oled_Test/esp8266/build_contexts/build_ctx_948793274/libs/arduino-adafruit-ssd1306/src -v /fwbuild-volumes/2.1/apps/ssd1306_oled_Test/esp8266/build_contexts/build_ctx_948793274/libs/ca-bundle/src:/fwbuild-volumes/2.1/apps/ssd1306_oled_Test/esp8266/build_contexts/build_ctx_948793274/libs/ca-bundle/src -v /fwbuild-volumes/2.1/apps/ssd1306_oled_Test/esp8266/build_contexts/build_ctx_948793274/libs/spi/include:/fwbuild-volumes/2.1/apps/ssd1306_oled_Test/esp8266/build_contexts/build_ctx_948793274/libs/spi/include -v /fwbuild-volumes/2.1/apps/ssd1306_oled_Test/esp8266/build_contexts/build_ctx_948793274/libs/arduino-compat/src:/fwbuild-volumes/2.1/apps/ssd1306_oled_Test/esp8266/build_contexts/build_ctx_948793274/libs/arduino-compat/src -v /fwbuild-volumes/2.1/apps/ssd1306_oled_Test/esp8266/build_contexts/build_ctx_948793274/libs/arduino-spi/include:/fwbuild-volumes/2.1/apps/ssd1306_oled_Test/esp8266/build_contexts/build_ctx_948793274/libs/arduino-spi/include -v /fwbuild-volumes/2.1/apps/ssd1306_oled_Test/esp8266/build_contexts/build_ctx_948793274/libs/arduino-wire/include:/fwbuild-volumes/2.1/apps/ssd1306_oled_Test/esp8266/build_contexts/build_ctx_948793274/libs/arduino-wire/include -v /fwbuild-volumes/2.1/apps/ssd1306_oled_Test/esp8266/build_contexts/build_ctx_948793274/fs:/fwbuild-volumes/2.1/apps/ssd1306_oled_Test/esp8266/build_contexts/build_ctx_948793274/fs -v /fwbuild-volumes/2.1/apps/ssd1306_oled_Test/esp8266/build_contexts/build_ctx_948793274/build:/fwbuild-volumes/2.1/apps/ssd1306_oled_Test/esp8266/build_contexts/build_ctx_948793274/build -v /fwbuild-volumes/2.1/apps/ssd1306_oled_Test/esp8266/build_contexts/build_ctx_948793274/libs/i2c/src:/fwbuild-volumes/2.1/apps/ssd1306_oled_Test/esp8266/build_contexts/build_ctx_948793274/libs/i2c/src -v /fwbuild-volumes/2.1/apps/ssd1306_oled_Test/esp8266/build_contexts/build_ctx_948793274/libs/i2c/src/common_gpio:/fwbuild-volumes/2.1/apps/ssd1306_oled_Test/esp8266/build_contexts/build_ctx_948793274/libs/i2c/src/common_gpio -v /fwbuild-volumes/2.1/apps/ssd1306_oled_Test/esp8266/build_contexts/build_ctx_948793274/libs/rpc-common/src/mg_rpc:/fwbuild-volumes/2.1/apps/ssd1306_oled_Test/esp8266/build_contexts/build_ctx_948793274/libs/rpc-common/src/mg_rpc -v /fwbuild-volumes/2.1/apps/ssd1306_oled_Test/esp8266/build_contexts/build_ctx_948793274/libs/arduino-adafruit-gfx/include:/fwbuild-volumes/2.1/apps/ssd1306_oled_Test/esp8266/build_contexts/build_ctx_948793274/libs/arduino-adafruit-gfx/include -v /fwbuild-volumes/2.1/apps/ssd1306_oled_Test/esp8266/build_contexts/build_ctx_948793274/libs/rpc-uart/include:/fwbuild-volumes/2.1/apps/ssd1306_oled_Test/esp8266/build_contexts/build_ctx_948793274/libs/rpc-uart/include -v /fwbuild-volumes/2.1/apps/ssd1306_oled_Test/esp8266/build_contexts/build_ctx_948793274/libs/mongoose/lib/esp8266:/fwbuild-volumes/2.1/apps/ssd1306_oled_Test/esp8266/build_contexts/build_ctx_948793274/libs/mongoose/lib/esp8266 -v /fwbuild-volumes/2.1/apps/ssd1306_oled_Test/esp8266/build_contexts/build_ctx_948793274/src:/fwbuild-volumes/2.1/apps/ssd1306_oled_Test/esp8266/build_contexts/build_ctx_948793274/src -v /fwbuild-volumes/2.1/apps/ssd1306_oled_Test/esp8266/build_contexts/build_ctx_948793274/libs/rpc-service-config/src:/fwbuild-volumes/2.1/apps/ssd1306_oled_Test/esp8266/build_contexts/build_ctx_948793274/libs/rpc-service-config/src -v /fwbuild-volumes/2.1/apps/ssd1306_oled_Test/esp8266/build_contexts/build_ctx_948793274/libs/arduino-adafruit-ssd1306/include:/fwbuild-volumes/2.1/apps/ssd1306_oled_Test/esp8266/build_contexts/build_ctx_948793274/libs/arduino-adafruit-ssd1306/include -v /fwbuild-volumes/2.1/apps/ssd1306_oled_Test/esp8266/build_contexts/build_ctx_948793274/libs/rpc-common/include/mg_rpc:/fwbuild-volumes/2.1/apps/ssd1306_oled_Test/esp8266/build_contexts/build_ctx_948793274/libs/rpc-common/include/mg_rpc -v /fwbuild-volumes/2.1/apps/ssd1306_oled_Test/esp8266/build_contexts/build_ctx_948793274/libs/rpc-common/include:/fwbuild-volumes/2.1/apps/ssd1306_oled_Test/esp8266/build_contexts/build_ctx_948793274/libs/rpc-common/include -v /fwbuild-volumes/2.1/apps/ssd1306_oled_Test/esp8266/build_contexts/build_ctx_948793274/modules/mongoose-os:/mongoose-os -v /fwbuild-volumes/2.1/apps/ssd1306_oled_Test/esp8266/build_contexts/build_ctx_948793274/libs/spi/src:/fwbuild-volumes/2.1/apps/ssd1306_oled_Test/esp8266/build_contexts/build_ctx_948793274/libs/spi/src -v /fwbuild-volumes/2.1/apps/ssd1306_oled_Test/esp8266/build_contexts/build_ctx_948793274/libs/rpc-common/src:/fwbuild-volumes/2.1/apps/ssd1306_oled_Test/esp8266/build_contexts/build_ctx_948793274/libs/rpc-common/src -v /fwbuild-volumes/2.1/apps/ssd1306_oled_Test/esp8266/build_contexts/build_ctx_948793274/libs/rpc-service-fs/include:/fwbuild-volumes/2.1/apps/ssd1306_oled_Test/esp8266/build_contexts/build_ctx_948793274/libs/rpc-service-fs/include -v /fwbuild-volumes/2.1/apps/ssd1306_oled_Test/esp8266/build_contexts/build_ctx_948793274:/app -v /fwbuild-volumes/2.1/apps/ssd1306_oled_Test/esp8266/build_contexts/build_ctx_948793274/build/gen:/fwbuild-volumes/2.1/apps/ssd1306_oled_Test/esp8266/build_contexts/build_ctx_948793274/build/gen -v /fwbuild-volumes/2.1/apps/ssd1306_oled_Test/esp8266/build_contexts/build_ctx_948793274/libs/arduino-adafruit-gfx/src:/fwbuild-volumes/2.1/apps/ssd1306_oled_Test/esp8266/build_contexts/build_ctx_948793274/libs/arduino-adafruit-gfx/src -v /fwbuild-volumes/2.1/apps/ssd1306_oled_Test/esp8266/build_contexts/build_ctx_948793274/libs/i2c/include:/fwbuild-volumes/2.1/apps/ssd1306_oled_Test/esp8266/build_contexts/build_ctx_948793274/libs/i2c/include -v /fwbuild-volumes/2.1/apps/ssd1306_oled_Test/esp8266/build_contexts/build_ctx_948793274/libs/ca-bundle/fs:/fwbuild-volumes/2.1/apps/ssd1306_oled_Test/esp8266/build_contexts/build_ctx_948793274/libs/ca-bundle/fs -v /fwbuild-volumes/2.1/apps/ssd1306_oled_Test/esp8266/build_contexts/build_ctx_948793274/libs/arduino-spi/src:/fwbuild-volumes/2.1/apps/ssd1306_oled_Test/esp8266/build_contexts/build_ctx_948793274/libs/arduino-spi/src -v /fwbuild-volumes/2.1/apps/ssd1306_oled_Test/esp8266/build_contexts/build_ctx_948793274/libs/rpc-service-fs/src:/fwbuild-volumes/2.1/apps/ssd1306_oled_Test/esp8266/build_contexts/build_ctx_948793274/libs/rpc-service-fs/src -v /fwbuild-volumes/2.1/apps/ssd1306_oled_Test/esp8266/build_contexts/build_ctx_948793274/libs/arduino-compat/include:/fwbuild-volumes/2.1/apps/ssd1306_oled_Test/esp8266/build_contexts/build_ctx_948793274/libs/arduino-compat/include -v /fwbuild-volumes/2.1/apps/ssd1306_oled_Test/esp8266/build_contexts/build_ctx_948793274/libs/rpc-service-config/include:/fwbuild-volumes/2.1/apps/ssd1306_oled_Test/esp8266/build_contexts/build_ctx_948793274/libs/rpc-service-config/include -v /fwbuild-volumes/2.1/apps/ssd1306_oled_Test/esp8266/build_contexts/build_ctx_948793274/libs/spi/src/common_gpio:/fwbuild-volumes/2.1/apps/ssd1306_oled_Test/esp8266/build_contexts/build_ctx_948793274/libs/spi/src/common_gpio -v /fwbuild-volumes/2.1/apps/ssd1306_oled_Test/esp8266/build_contexts/build_ctx_948793274/libs/rpc-uart/src:/fwbuild-volumes/2.1/apps/ssd1306_oled_Test/esp8266/build_contexts/build_ctx_948793274/libs/rpc-uart/src -v /fwbuild-volumes/2.1/apps/ssd1306_oled_Test/esp8266/build_contexts/build_ctx_948793274/libs/mongoose/include:/fwbuild-volumes/2.1/apps/ssd1306_oled_Test/esp8266/build_contexts/build_ctx_948793274/libs/mongoose/include --user 0:0 docker.cesanta.com/esp8266-build:2.2.1-1.5.0-r1 /bin/bash -c nice make '-j' '16' '-C' '/app' '-f' '/mongoose-os/fw/platforms/esp8266/Makefile.build' 'all' 'APP_SOURCES=/fwbuild-volumes/2.1/apps/ssd1306_oled_Test/esp8266/build_contexts/build_ctx_948793274/src/main.c /fwbuild-volumes/2.1/apps/ssd1306_oled_Test/esp8266/build_contexts/build_ctx_948793274/build/gen/mgos_deps_init.c /fwbuild-volumes/2.1/apps/ssd1306_oled_Test/esp8266/build_contexts/build_ctx_948793274/libs/arduino-compat/src/Print.cpp /fwbuild-volumes/2.1/apps/ssd1306_oled_Test/esp8266/build_contexts/build_ctx_948793274/libs/arduino-compat/src/WString.cpp /fwbuild-volumes/2.1/apps/ssd1306_oled_Test/esp8266/build_contexts/build_ctx_948793274/libs/arduino-compat/src/mgos_arduino.cpp /fwbuild-volumes/2.1/apps/ssd1306_oled_Test/esp8266/build_contexts/build_ctx_948793274/libs/arduino-adafruit-gfx/src/glcdfont.c /fwbuild-volumes/2.1/apps/ssd1306_oled_Test/esp8266/build_contexts/build_ctx_948793274/libs/arduino-adafruit-gfx/src/mgos_arduino_adafruit_gfx_c.c /fwbuild-volumes/2.1/apps/ssd1306_oled_Test/esp8266/build_contexts/build_ctx_948793274/libs/arduino-adafruit-gfx/src/Adafruit_GFX.cpp /fwbuild-volumes/2.1/apps/ssd1306_oled_Test/esp8266/build_contexts/build_ctx_948793274/libs/spi/src/mgos_spi.c /fwbuild-volumes/2.1/apps/ssd1306_oled_Test/esp8266/build_contexts/build_ctx_948793274/libs/spi/src/mgos_spi_mjs.c /fwbuild-volumes/2.1/apps/ssd1306_oled_Test/esp8266/build_contexts/build_ctx_948793274/libs/spi/src/common_gpio/mgos_spi_gpio.c /fwbuild-volumes/2.1/apps/ssd1306_oled_Test/esp8266/build_contexts/build_ctx_948793274/libs/arduino-spi/src/mgos_arduino_spi_c.c /fwbuild-volumes/2.1/apps/ssd1306_oled_Test/esp8266/build_contexts/build_ctx_948793274/libs/arduino-spi/src/mgos_arduino_spi.cpp /fwbuild-volumes/2.1/apps/ssd1306_oled_Test/esp8266/build_contexts/build_ctx_948793274/libs/i2c/src/mgos_i2c.c /fwbuild-volumes/2.1/apps/ssd1306_oled_Test/esp8266/build_contexts/build_ctx_948793274/libs/i2c/src/common_gpio/mgos_i2c_gpio.c /fwbuild-volumes/2.1/apps/ssd1306_oled_Test/esp8266/build_contexts/build_ctx_948793274/libs/arduino-wire/src/mgos_arduino_wire_c.c /fwbuild-volumes/2.1/apps/ssd1306_oled_Test/esp8266/build_contexts/build_ctx_948793274/libs/arduino-wire/src/mgos_arduino_wire.cpp /fwbuild-volumes/2.1/apps/ssd1306_oled_Test/esp8266/build_contexts/build_ctx_948793274/libs/arduino-adafruit-ssd1306/src/mgos_arduino_adafruit_ssd1306_c.c /fwbuild-volumes/2.1/apps/ssd1306_oled_Test/esp8266/build_contexts/build_ctx_948793274/libs/arduino-adafruit-ssd1306/src/Adafruit_SSD1306.cpp /fwbuild-volumes/2.1/apps/ssd1306_oled_Test/esp8266/build_contexts/build_ctx_948793274/libs/arduino-adafruit-ssd1306/src/mgos_arduino_ssd1306.cpp /fwbuild-volumes/2.1/apps/ssd1306_oled_Test/esp8266/build_contexts/build_ctx_948793274/libs/ca-bundle/src/mgos_ca_bundle.c /fwbuild-volumes/2.1/apps/ssd1306_oled_Test/esp8266/build_contexts/build_ctx_948793274/libs/rpc-common/src/mg_rpc/mg_rpc.c /fwbuild-volumes/2.1/apps/ssd1306_oled_Test/esp8266/build_contexts/build_ctx_948793274/libs/rpc-common/src/mg_rpc/mg_rpc_channel.c /fwbuild-volumes/2.1/apps/ssd1306_oled_Test/esp8266/build_contexts/build_ctx_948793274/libs/rpc-common/src/mg_rpc/mg_rpc_channel_http.c /fwbuild-volumes/2.1/apps/ssd1306_oled_Test/esp8266/build_contexts/build_ctx_948793274/libs/rpc-common/src/mg_rpc/mg_rpc_channel_ws.c /fwbuild-volumes/2.1/apps/ssd1306_oled_Test/esp8266/build_contexts/build_ctx_948793274/libs/rpc-common/src/mgos_rpc.c /fwbuild-volumes/2.1/apps/ssd1306_oled_Test/esp8266/build_contexts/build_ctx_948793274/libs/rpc-service-config/src/mgos_service_config.c /fwbuild-volumes/2.1/apps/ssd1306_oled_Test/esp8266/build_contexts/build_ctx_948793274/libs/rpc-service-fs/src/mgos_service_filesystem.c /fwbuild-volumes/2.1/apps/ssd1306_oled_Test/esp8266/build_contexts/build_ctx_948793274/libs/rpc-uart/src/mgos_rpc_channel_uart.c' 'MGOS_PATH=/mongoose-os' 'APP_INCLUDES=/fwbuild-volumes/2.1/apps/ssd1306_oled_Test/esp8266/build_contexts/build_ctx_948793274/libs/mongoose/include /fwbuild-volumes/2.1/apps/ssd1306_oled_Test/esp8266/build_contexts/build_ctx_948793274/libs/arduino-compat/include /fwbuild-volumes/2.1/apps/ssd1306_oled_Test/esp8266/build_contexts/build_ctx_948793274/libs/arduino-adafruit-gfx/include /fwbuild-volumes/2.1/apps/ssd1306_oled_Test/esp8266/build_contexts/build_ctx_948793274/libs/spi/include /fwbuild-volumes/2.1/apps/ssd1306_oled_Test/esp8266/build_contexts/build_ctx_948793274/libs/arduino-spi/include /fwbuild-volumes/2.1/apps/ssd1306_oled_Test/esp8266/build_contexts/build_ctx_948793274/libs/i2c/include /fwbuild-volumes/2.1/apps/ssd1306_oled_Test/esp8266/build_contexts/build_ctx_948793274/libs/arduino-wire/include /fwbuild-volumes/2.1/apps/ssd1306_oled_Test/esp8266/build_contexts/build_ctx_948793274/libs/arduino-adafruit-ssd1306/include /fwbuild-volumes/2.1/apps/ssd1306_oled_Test/esp8266/build_contexts/build_ctx_948793274/libs/rpc-common/include/mg_rpc /fwbuild-volumes/2.1/apps/ssd1306_oled_Test/esp8266/build_contexts/build_ctx_948793274/libs/rpc-common/include /fwbuild-volumes/2.1/apps/ssd1306_oled_Test/esp8266/build_contexts/build_ctx_948793274/libs/rpc-service-config/include /fwbuild-volumes/2.1/apps/ssd1306_oled_Test/esp8266/build_contexts/build_ctx_948793274/libs/rpc-service-fs/include /fwbuild-volumes/2.1/apps/ssd1306_oled_Test/esp8266/build_contexts/build_ctx_948793274/libs/rpc-uart/include' 'APP_CFLAGS=-DMGOS_HAVE_I2C=1 -DMGOS_HAVE_RPC_SERVICE_CONFIG=1 -DMGOS_HAVE_ARDUINO_SPI=1 -DMGOS_ENABLE_SYS_SERVICE=1 -DMGOS_HAVE_ARDUINO_WIRE=1 -DMGOS_HAVE_CA_BUNDLE=1 -DMGOS_HAVE_RPC_COMMON=1 -DESP8266=1 -DMG_ENABLE_SNTP=1 -DMGOS_HAVE_ARDUINO_ADAFRUIT_GFX=1 -DF_CPU=160000000 -DMGOS_HAVE_MONGOOSE=1 -DMG_ENABLE_DNS=1 -DMG_ENABLE_DNS_SERVER=1 -DMGOS_ENABLE_RPC_CHANNEL_WS=1 -DARDUINO=150 -DMGOS_HAVE_ARDUINO_ADAFRUIT_SSD1306=1 -DMGOS_HAVE_RPC_SERVICE_FS=1 -DMG_ENABLE_MQTT=1 -DMGOS_ENABLE_RPC_CHANNEL_HTTP=1 -DMGOS_HAVE_ARDUINO_COMPAT=1 -DMGOS_HAVE_RPC_UART=1 -DMGOS_HAVE_SPI=1' 'MGOS_HAVE_RPC_COMMON=1' 'MGOS_HAVE_ARDUINO_ADAFRUIT_GFX=1' 'MGOS_HAVE_RPC_UART=1' 'FFI_SYMBOLS=' 'MGOS_ENABLE_SPI_GPIO=1' 'MGOS_HAVE_RPC_SERVICE_CONFIG=1' 'MGOS_HAVE_MONGOOSE=1' 'MANIFEST_FINAL=/fwbuild-volumes/2.1/apps/ssd1306_oled_Test/esp8266/build_contexts/build_ctx_948793274/build/gen/mos_final.yml' 'BUILD_DIR=/fwbuild-volumes/2.1/apps/ssd1306_oled_Test/esp8266/build_contexts/build_ctx_948793274/build/objs' 'APP_BIN_LIBS=/fwbuild-volumes/2.1/apps/ssd1306_oled_Test/esp8266/build_contexts/build_ctx_948793274/libs/mongoose/lib/esp8266/libmongoose.a' 'FS_STAGING_DIR=build/fs' 'MGOS_HAVE_ARDUINO_COMPAT=1' 'MGOS_HAVE_I2C=1' 'MGOS_HAVE_CA_BUNDLE=1' 'MGOS_HAVE_RPC_SERVICE_FS=1' 'MGOS_ENABLE_I2C_GPIO=1' 'MGOS_HAVE_SPI=1' 'FW_DIR=build/fw' 'MGOS_HAVE_ARDUINO_SPI=1' 'APP_VERSION=1.0' 'MGOS_HAVE_ARDUINO_ADAFRUIT_SSD1306=1' 'APP_FS_FILES=/fwbuild-volumes/2.1/apps/ssd1306_oled_Test/esp8266/build_contexts/build_ctx_948793274/libs/ca-bundle/fs/ca.pem /fwbuild-volumes/2.1/apps/ssd1306_oled_Test/esp8266/build_contexts/build_ctx_948793274/fs/index.html' 'PLATFORM=esp8266' 'APP_CONF_SCHEMA=/fwbuild-volumes/2.1/apps/ssd1306_oled_Test/esp8266/build_contexts/build_ctx_948793274/build/gen/mos_conf_schema.yml' 'MGOS_HAVE_ARDUINO_WIRE=1' 'APP=ssd1306_oled_Test' 'GEN_DIR=/fwbuild-volumes/2.1/apps/ssd1306_oled_Test/esp8266/build_contexts/build_ctx_948793274/build/gen' 'APP_CXXFLAGS=-DMGOS_HAVE_RPC_SERVICE_FS=1 -DMG_ENABLE_MQTT=1 -DMGOS_ENABLE_RPC_CHANNEL_HTTP=1 -DMGOS_HAVE_ARDUINO_COMPAT=1 -DMG_ENABLE_DNS_SERVER=1 -DMGOS_ENABLE_RPC_CHANNEL_WS=1 -DARDUINO=150 -DMGOS_HAVE_ARDUINO_ADAFRUIT_SSD1306=1 -DMGOS_HAVE_RPC_UART=1 -DMGOS_HAVE_SPI=1 -DMGOS_HAVE_ARDUINO_SPI=1 -DMGOS_ENABLE_SYS_SERVICE=1 -DMGOS_HAVE_ARDUINO_WIRE=1 -DMGOS_HAVE_I2C=1 -DMGOS_HAVE_RPC_SERVICE_CONFIG=1 -DMGOS_HAVE_RPC_COMMON=1 -DESP8266=1 -DMG_ENABLE_SNTP=1 -DMGOS_HAVE_CA_BUNDLE=1 -DF_CPU=160000000 -DMGOS_HAVE_MONGOOSE=1 -DMG_ENABLE_DNS=1 -DMGOS_HAVE_ARDUINO_ADAFRUIT_GFX=1'
make: Entering directory '/app'
  MKDIR /fwbuild-volumes/2.1/apps/ssd1306_oled_Test/esp8266/build_contexts/build_ctx_948793274/build/objs
  MKDIR /app/build/fw
  MKDIR /fwbuild-volumes/2.1/apps/ssd1306_oled_Test/esp8266/build_contexts/build_ctx_948793274/build/objs/fw_temp
CC esptool2.c
  GEN   /fwbuild-volumes/2.1/apps/ssd1306_oled_Test/esp8266/build_contexts/build_ctx_948793274/build/gen/mgos_config.c
CC esptool2_elf.c
gcc -O2 -Wall -c esptool2.c -o /fwbuild-volumes/2.1/apps/ssd1306_oled_Test/esp8266/build_contexts/build_ctx_948793274/build/objs/esptool2.o
  GEN   /fwbuild-volumes/2.1/apps/ssd1306_oled_Test/esp8266/build_contexts/build_ctx_948793274/build/gen/mgos_ro_vars.c
gcc -O2 -Wall -c esptool2_elf.c -o /fwbuild-volumes/2.1/apps/ssd1306_oled_Test/esp8266/build_contexts/build_ctx_948793274/build/objs/esptool2_elf.o
  GEN   /fwbuild-volumes/2.1/apps/ssd1306_oled_Test/esp8266/build_contexts/build_ctx_948793274/build/gen/ffi_exports.c
  GEN   /mongoose-os/fw/platforms/esp8266/ld/non_os.ld (0xffff0 @ 0x40200010) -> /fwbuild-volumes/2.1/apps/ssd1306_oled_Test/esp8266/build_contexts/build_ctx_948793274/build/gen/0x100000.ld
make[1]: Entering directory '/app'
make[1]: warning: -jN forced in submake: disabling jobserver mode.
  CC    ./src/netif/etharp.c -> /fwbuild-volumes/2.1/apps/ssd1306_oled_Test/esp8266/build_contexts/build_ctx_948793274/build/objs/lwip/etharp.o
  CC    ./src/core/dhcp.c -> /fwbuild-volumes/2.1/apps/ssd1306_oled_Test/esp8266/build_contexts/build_ctx_948793274/build/objs/lwip/dhcp.o
  CC    ./src/core/mem.c -> /fwbuild-volumes/2.1/apps/ssd1306_oled_Test/esp8266/build_contexts/build_ctx_948793274/build/objs/lwip/mem.o
  CC    ./src/core/sys_arch.c -> /fwbuild-volumes/2.1/apps/ssd1306_oled_Test/esp8266/build_contexts/build_ctx_948793274/build/objs/lwip/sys_arch.o
  CC    ./src/core/mdns.c -> /fwbuild-volumes/2.1/apps/ssd1306_oled_Test/esp8266/build_contexts/build_ctx_948793274/build/objs/lwip/mdns.o
  CC    ./src/core/init.c -> /fwbuild-volumes/2.1/apps/ssd1306_oled_Test/esp8266/build_contexts/build_ctx_948793274/build/objs/lwip/init.o
LD /fwbuild-volumes/2.1/apps/ssd1306_oled_Test/esp8266/build_contexts/build_ctx_948793274/build/objs/esptool2
gcc -o /fwbuild-volumes/2.1/apps/ssd1306_oled_Test/esp8266/build_contexts/build_ctx_948793274/build/objs/esptool2 /fwbuild-volumes/2.1/apps/ssd1306_oled_Test/esp8266/build_contexts/build_ctx_948793274/build/objs/esptool2.o /fwbuild-volumes/2.1/apps/ssd1306_oled_Test/esp8266/build_contexts/build_ctx_948793274/build/objs/esptool2_elf.o
  CC    ./src/core/memp.c -> /fwbuild-volumes/2.1/apps/ssd1306_oled_Test/esp8266/build_contexts/build_ctx_948793274/build/objs/lwip/memp.o
  CC    /mongoose-os/fw/platforms/esp8266/src/esp_cache.c -> /fwbuild-volumes/2.1/apps/ssd1306_oled_Test/esp8266/build_contexts/build_ctx_948793274/build/objs/esp_cache.c.o
  CC    /fwbuild-volumes/2.1/apps/ssd1306_oled_Test/esp8266/build_contexts/build_ctx_948793274/src/main.c -> /fwbuild-volumes/2.1/apps/ssd1306_oled_Test/esp8266/build_contexts/build_ctx_948793274/build/objs/main.c.o
  CC    ./src/core/sys.c -> /fwbuild-volumes/2.1/apps/ssd1306_oled_Test/esp8266/build_contexts/build_ctx_948793274/build/objs/lwip/sys.o
  CC    /fwbuild-volumes/2.1/apps/ssd1306_oled_Test/esp8266/build_contexts/build_ctx_948793274/build/gen/mgos_deps_init.c -> /fwbuild-volumes/2.1/apps/ssd1306_oled_Test/esp8266/build_contexts/build_ctx_948793274/build/objs/mgos_deps_init.c.o
  CXX    /fwbuild-volumes/2.1/apps/ssd1306_oled_Test/esp8266/build_contexts/build_ctx_948793274/libs/arduino-compat/src/Print.cpp -> /fwbuild-volumes/2.1/apps/ssd1306_oled_Test/esp8266/build_contexts/build_ctx_948793274/build/objs/Print.cpp.o
  CXX    /fwbuild-volumes/2.1/apps/ssd1306_oled_Test/esp8266/build_contexts/build_ctx_948793274/libs/arduino-compat/src/WString.cpp -> /fwbuild-volumes/2.1/apps/ssd1306_oled_Test/esp8266/build_contexts/build_ctx_948793274/build/objs/WString.cpp.o
  CXX    /fwbuild-volumes/2.1/apps/ssd1306_oled_Test/esp8266/build_contexts/build_ctx_948793274/libs/arduino-compat/src/mgos_arduino.cpp -> /fwbuild-volumes/2.1/apps/ssd1306_oled_Test/esp8266/build_contexts/build_ctx_948793274/build/objs/mgos_arduino.cpp.o
  CC    /fwbuild-volumes/2.1/apps/ssd1306_oled_Test/esp8266/build_contexts/build_ctx_948793274/libs/arduino-adafruit-gfx/src/glcdfont.c -> /fwbuild-volumes/2.1/apps/ssd1306_oled_Test/esp8266/build_contexts/build_ctx_948793274/build/objs/glcdfont.c.o
  CC    /fwbuild-volumes/2.1/apps/ssd1306_oled_Test/esp8266/build_contexts/build_ctx_948793274/libs/arduino-adafruit-gfx/src/mgos_arduino_adafruit_gfx_c.c -> /fwbuild-volumes/2.1/apps/ssd1306_oled_Test/esp8266/build_contexts/build_ctx_948793274/build/objs/mgos_arduino_adafruit_gfx_c.c.o
In file included from /fwbuild-volumes/2.1/apps/ssd1306_oled_Test/esp8266/build_contexts/build_ctx_948793274/libs/arduino-adafruit-ssd1306/include/Adafruit_SSD1306.h:48:0,
                 from /fwbuild-volumes/2.1/apps/ssd1306_oled_Test/esp8266/build_contexts/build_ctx_948793274/src/main.c:9:
/fwbuild-volumes/2.1/apps/ssd1306_oled_Test/esp8266/build_contexts/build_ctx_948793274/libs/arduino-spi/include/SPI.h:45:3: error: expected specifier-qualifier-list before 'SPISettings'
   SPISettings();
   ^
/fwbuild-volumes/2.1/apps/ssd1306_oled_Test/esp8266/build_contexts/build_ctx_948793274/libs/arduino-spi/include/SPI.h:52:1: error: unknown type name 'class'
 class SPIImpl {
 ^
/fwbuild-volumes/2.1/apps/ssd1306_oled_Test/esp8266/build_contexts/build_ctx_948793274/libs/arduino-spi/include/SPI.h:52:15: error: expected '=', ',', ';', 'asm' or '__attribute__' before '{' token
 class SPIImpl {
               ^
/fwbuild-volumes/2.1/apps/ssd1306_oled_Test/esp8266/build_contexts/build_ctx_948793274/libs/arduino-spi/include/SPI.h:87:1: error: unknown type name 'SPIImpl'
 extern SPIImpl SPI;
 ^
In file included from /fwbuild-volumes/2.1/apps/ssd1306_oled_Test/esp8266/build_contexts/build_ctx_948793274/libs/arduino-compat/include/Print.h:28:0,
                 from /fwbuild-volumes/2.1/apps/ssd1306_oled_Test/esp8266/build_contexts/build_ctx_948793274/libs/arduino-adafruit-gfx/include/Adafruit_GFX.h:6,
                 from /fwbuild-volumes/2.1/apps/ssd1306_oled_Test/esp8266/build_contexts/build_ctx_948793274/libs/arduino-adafruit-ssd1306/include/Adafruit_SSD1306.h:49,
                 from /fwbuild-volumes/2.1/apps/ssd1306_oled_Test/esp8266/build_contexts/build_ctx_948793274/src/main.c:9:
/fwbuild-volumes/2.1/apps/ssd1306_oled_Test/esp8266/build_contexts/build_ctx_948793274/libs/arduino-compat/include/Printable.h:26:1: error: unknown type name 'class'
 class Print;
 ^
/fwbuild-volumes/2.1/apps/ssd1306_oled_Test/esp8266/build_contexts/build_ctx_948793274/libs/arduino-compat/include/Printable.h:34:1: error: unknown type name 'class'
 class Printable
 ^
/fwbuild-volumes/2.1/apps/ssd1306_oled_Test/esp8266/build_contexts/build_ctx_948793274/libs/arduino-compat/include/Printable.h:35:1: error: expected '=', ',', ';', 'asm' or '__attribute__' before '{' token
 {
 ^
In file included from /fwbuild-volumes/2.1/apps/ssd1306_oled_Test/esp8266/build_contexts/build_ctx_948793274/libs/arduino-adafruit-gfx/include/Adafruit_GFX.h:6:0,
                 from /fwbuild-volumes/2.1/apps/ssd1306_oled_Test/esp8266/build_contexts/build_ctx_948793274/libs/arduino-adafruit-ssd1306/include/Adafruit_SSD1306.h:49,
                 from /fwbuild-volumes/2.1/apps/ssd1306_oled_Test/esp8266/build_contexts/build_ctx_948793274/src/main.c:9:
/fwbuild-volumes/2.1/apps/ssd1306_oled_Test/esp8266/build_contexts/build_ctx_948793274/libs/arduino-compat/include/Print.h:35:1: error: unknown type name 'class'
 class Print
 ^
/fwbuild-volumes/2.1/apps/ssd1306_oled_Test/esp8266/build_contexts/build_ctx_948793274/libs/arduino-compat/include/Print.h:36:1: error: expected '=', ',', ';', 'asm' or '__attribute__' before '{' token
 {
 ^
In file included from /fwbuild-volumes/2.1/apps/ssd1306_oled_Test/esp8266/build_contexts/build_ctx_948793274/libs/arduino-adafruit-ssd1306/include/Adafruit_SSD1306.h:49:0,
                 from /fwbuild-volumes/2.1/apps/ssd1306_oled_Test/esp8266/build_contexts/build_ctx_948793274/src/main.c:9:
/fwbuild-volumes/2.1/apps/ssd1306_oled_Test/esp8266/build_contexts/build_ctx_948793274/libs/arduino-adafruit-gfx/include/Adafruit_GFX.h:12:1: error: unknown type name 'class'
 class Adafruit_GFX : public Print {
 ^
/fwbuild-volumes/2.1/apps/ssd1306_oled_Test/esp8266/build_contexts/build_ctx_948793274/libs/arduino-adafruit-gfx/include/Adafruit_GFX.h:12:20: error: expected '=', ',', ';', 'asm' or '__attribute__' before ':' token
 class Adafruit_GFX : public Print {
                    ^
/fwbuild-volumes/2.1/apps/ssd1306_oled_Test/esp8266/build_contexts/build_ctx_948793274/libs/arduino-adafruit-gfx/include/Adafruit_GFX.h:145:1: error: unknown type name 'class'
 class Adafruit_GFX_Button {
 ^
/fwbuild-volumes/2.1/apps/ssd1306_oled_Test/esp8266/build_contexts/build_ctx_948793274/libs/arduino-adafruit-gfx/include/Adafruit_GFX.h:145:27: error: expected '=', ',', ';', 'asm' or '__attribute__' before '{' token
 class Adafruit_GFX_Button {
                           ^
/fwbuild-volumes/2.1/apps/ssd1306_oled_Test/esp8266/build_contexts/build_ctx_948793274/libs/arduino-adafruit-gfx/include/Adafruit_GFX.h:176:1: error: unknown type name 'class'
 class GFXcanvas1 : public Adafruit_GFX {
 ^
/fwbuild-volumes/2.1/apps/ssd1306_oled_Test/esp8266/build_contexts/build_ctx_948793274/libs/arduino-adafruit-gfx/include/Adafruit_GFX.h:176:18: error: expected '=', ',', ';', 'asm' or '__attribute__' before ':' token
 class GFXcanvas1 : public Adafruit_GFX {
                  ^
/fwbuild-volumes/2.1/apps/ssd1306_oled_Test/esp8266/build_contexts/build_ctx_948793274/libs/arduino-adafruit-gfx/include/Adafruit_GFX.h:187:1: error: unknown type name 'class'
 class GFXcanvas8 : public Adafruit_GFX {
 ^
/fwbuild-volumes/2.1/apps/ssd1306_oled_Test/esp8266/build_contexts/build_ctx_948793274/libs/arduino-adafruit-gfx/include/Adafruit_GFX.h:187:18: error: expected '=', ',', ';', 'asm' or '__attribute__' before ':' token
 class GFXcanvas8 : public Adafruit_GFX {
                  ^
/fwbuild-volumes/2.1/apps/ssd1306_oled_Test/esp8266/build_contexts/build_ctx_948793274/libs/arduino-adafruit-gfx/include/Adafruit_GFX.h:200:1: error: unknown type name 'class'
 class GFXcanvas16 : public Adafruit_GFX {
 ^
/fwbuild-volumes/2.1/apps/ssd1306_oled_Test/esp8266/build_contexts/build_ctx_948793274/libs/arduino-adafruit-gfx/include/Adafruit_GFX.h:200:19: error: expected '=', ',', ';', 'asm' or '__attribute__' before ':' token
 class GFXcanvas16 : public Adafruit_GFX {
                   ^
In file included from /fwbuild-volumes/2.1/apps/ssd1306_oled_Test/esp8266/build_contexts/build_ctx_948793274/src/main.c:9:0:
/fwbuild-volumes/2.1/apps/ssd1306_oled_Test/esp8266/build_contexts/build_ctx_948793274/libs/arduino-adafruit-ssd1306/include/Adafruit_SSD1306.h:139:1: error: unknown type name 'class'
 class Adafruit_SSD1306 : public Adafruit_GFX {
 ^
/fwbuild-volumes/2.1/apps/ssd1306_oled_Test/esp8266/build_contexts/build_ctx_948793274/libs/arduino-adafruit-ssd1306/include/Adafruit_SSD1306.h:139:24: error: expected '=', ',', ';', 'asm' or '__attribute__' before ':' token
 class Adafruit_SSD1306 : public Adafruit_GFX {
                        ^
/fwbuild-volumes/2.1/apps/ssd1306_oled_Test/esp8266/build_contexts/build_ctx_948793274/src/main.c:15:1: error: unknown type name 'Adafruit_SSD1306'
 Adafruit_SSD1306 *d1 = nullptr;
 ^
/fwbuild-volumes/2.1/apps/ssd1306_oled_Test/esp8266/build_contexts/build_ctx_948793274/src/main.c:15:24: error: 'nullptr' undeclared here (not in a function)
 Adafruit_SSD1306 *d1 = nullptr;
                        ^
  CC    ./src/core/tcp.c -> /fwbuild-volumes/2.1/apps/ssd1306_oled_Test/esp8266/build_contexts/build_ctx_948793274/build/objs/lwip/tcp.o
/fwbuild-volumes/2.1/apps/ssd1306_oled_Test/esp8266/build_contexts/build_ctx_948793274/src/main.c: In function 'mgos_app_init':
/fwbuild-volumes/2.1/apps/ssd1306_oled_Test/esp8266/build_contexts/build_ctx_948793274/src/main.c:21:8: error: 'new' undeclared (first use in this function)
   d1 = new Adafruit_SSD1306(4 /* RST GPIO */, Adafruit_SSD1306::RES_128_64);
        ^
/fwbuild-volumes/2.1/apps/ssd1306_oled_Test/esp8266/build_contexts/build_ctx_948793274/src/main.c:21:8: note: each undeclared identifier is reported only once for each function it appears in
/fwbuild-volumes/2.1/apps/ssd1306_oled_Test/esp8266/build_contexts/build_ctx_948793274/src/main.c:21:12: error: expected ';' before 'Adafruit_SSD1306'
   d1 = new Adafruit_SSD1306(4 /* RST GPIO */, Adafruit_SSD1306::RES_128_64);
            ^
/fwbuild-volumes/2.1/apps/ssd1306_oled_Test/esp8266/build_contexts/build_ctx_948793274/src/main.c:24:7: error: request for member 'begin' in something not a structure or union
     d1->begin(SSD1306_SWITCHCAPVCC, 0x3C, true /* reset */);
       ^
/fwbuild-volumes/2.1/apps/ssd1306_oled_Test/esp8266/build_contexts/build_ctx_948793274/src/main.c:25:7: error: request for member 'display' in something not a structure or union
     d1->display();
       ^
/fwbuild-volumes/2.1/apps/ssd1306_oled_Test/esp8266/build_contexts/build_ctx_948793274/src/main.c: At top level:
/fwbuild-volumes/2.1/apps/ssd1306_oled_Test/esp8266/build_contexts/build_ctx_948793274/src/main.c:32:22: error: unknown type name 'Adafruit_SSD1306'
 static void show_num(Adafruit_SSD1306 *d, const char *s, int i) {
                      ^
/fwbuild-volumes/2.1/apps/ssd1306_oled_Test/esp8266/build_contexts/build_ctx_948793274/src/main.c: In function 'timer_cb':
/fwbuild-volumes/2.1/apps/ssd1306_oled_Test/esp8266/build_contexts/build_ctx_948793274/src/main.c:43:3: error: implicit declaration of function 'show_num' [-Werror=implicit-function-declaration]
   if (d1 != nullptr) show_num(d1, "i = ", i);
   ^
cc1: all warnings being treated as errors
make: *** [/fwbuild-volumes/2.1/apps/ssd1306_oled_Test/esp8266/build_contexts/build_ctx_948793274/build/objs/main.c.o] Error 1
/mongoose-os/fw/platforms/esp8266/Makefile.build:461: recipe for target '/fwbuild-volumes/2.1/apps/ssd1306_oled_Test/esp8266/build_contexts/build_ctx_948793274/build/objs/main.c.o' failed
make: *** Waiting for unfinished jobs....
  CXX    /fwbuild-volumes/2.1/apps/ssd1306_oled_Test/esp8266/build_contexts/build_ctx_948793274/libs/arduino-adafruit-gfx/src/Adafruit_GFX.cpp -> /fwbuild-volumes/2.1/apps/ssd1306_oled_Test/esp8266/build_contexts/build_ctx_948793274/build/objs/Adafruit_GFX.cpp.o
  CC    ./src/core/dns.c -> /fwbuild-volumes/2.1/apps/ssd1306_oled_Test/esp8266/build_contexts/build_ctx_948793274/build/objs/lwip/dns.o
  CC    ./src/core/raw.c -> /fwbuild-volumes/2.1/apps/ssd1306_oled_Test/esp8266/build_contexts/build_ctx_948793274/build/objs/lwip/raw.o
  CC    ./src/core/tcp_in.c -> /fwbuild-volumes/2.1/apps/ssd1306_oled_Test/esp8266/build_contexts/build_ctx_948793274/build/objs/lwip/tcp_in.o
  CC    ./src/core/sntp.c -> /fwbuild-volumes/2.1/apps/ssd1306_oled_Test/esp8266/build_contexts/build_ctx_948793274/build/objs/lwip/sntp.o
  CC    ./src/core/pbuf.c -> /fwbuild-volumes/2.1/apps/ssd1306_oled_Test/esp8266/build_contexts/build_ctx_948793274/build/objs/lwip/pbuf.o
  CC    ./src/core/netif.c -> /fwbuild-volumes/2.1/apps/ssd1306_oled_Test/esp8266/build_contexts/build_ctx_948793274/build/objs/lwip/netif.o
  CC    ./src/core/stats.c -> /fwbuild-volumes/2.1/apps/ssd1306_oled_Test/esp8266/build_contexts/build_ctx_948793274/build/objs/lwip/stats.o
  CC    ./src/core/timers.c -> /fwbuild-volumes/2.1/apps/ssd1306_oled_Test/esp8266/build_contexts/build_ctx_948793274/build/objs/lwip/timers.o
  CC    ./src/core/def.c -> /fwbuild-volumes/2.1/apps/ssd1306_oled_Test/esp8266/build_contexts/build_ctx_948793274/build/objs/lwip/def.o
  CC    ./src/core/udp.c -> /fwbuild-volumes/2.1/apps/ssd1306_oled_Test/esp8266/build_contexts/build_ctx_948793274/build/objs/lwip/udp.o
  CC    ./src/core/tcp_out.c -> /fwbuild-volumes/2.1/apps/ssd1306_oled_Test/esp8266/build_contexts/build_ctx_948793274/build/objs/lwip/tcp_out.o
  CC    ./src/core/ipv4/ip_frag.c -> /fwbuild-volumes/2.1/apps/ssd1306_oled_Test/esp8266/build_contexts/build_ctx_948793274/build/objs/lwip/ip_frag.o
  CC    ./src/core/ipv4/inet.c -> /fwbuild-volumes/2.1/apps/ssd1306_oled_Test/esp8266/build_contexts/build_ctx_948793274/build/objs/lwip/inet.o
  CC    ./src/core/ipv4/ip_addr.c -> /fwbuild-volumes/2.1/apps/ssd1306_oled_Test/esp8266/build_contexts/build_ctx_948793274/build/objs/lwip/ip_addr.o
  CC    ./src/core/ipv4/igmp.c -> /fwbuild-volumes/2.1/apps/ssd1306_oled_Test/esp8266/build_contexts/build_ctx_948793274/build/objs/lwip/igmp.o
  CC    ./src/core/ipv4/ip.c -> /fwbuild-volumes/2.1/apps/ssd1306_oled_Test/esp8266/build_contexts/build_ctx_948793274/build/objs/lwip/ip.o
  CC    ./src/core/ipv4/autoip.c -> /fwbuild-volumes/2.1/apps/ssd1306_oled_Test/esp8266/build_contexts/build_ctx_948793274/build/objs/lwip/autoip.o
  CC    ./src/core/ipv4/inet_chksum.c -> /fwbuild-volumes/2.1/apps/ssd1306_oled_Test/esp8266/build_contexts/build_ctx_948793274/build/objs/lwip/inet_chksum.o
  CC    ./src/core/ipv4/icmp.c -> /fwbuild-volumes/2.1/apps/ssd1306_oled_Test/esp8266/build_contexts/build_ctx_948793274/build/objs/lwip/icmp.o
  CC    ./src/api/netdb.c -> /fwbuild-volumes/2.1/apps/ssd1306_oled_Test/esp8266/build_contexts/build_ctx_948793274/build/objs/lwip/netdb.o
  CC    ./src/api/api_lib.c -> /fwbuild-volumes/2.1/apps/ssd1306_oled_Test/esp8266/build_contexts/build_ctx_948793274/build/objs/lwip/api_lib.o
  CC    ./src/api/netifapi.c -> /fwbuild-volumes/2.1/apps/ssd1306_oled_Test/esp8266/build_contexts/build_ctx_948793274/build/objs/lwip/netifapi.o
  CC    ./src/api/tcpip.c -> /fwbuild-volumes/2.1/apps/ssd1306_oled_Test/esp8266/build_contexts/build_ctx_948793274/build/objs/lwip/tcpip.o
  CC    ./src/api/netbuf.c -> /fwbuild-volumes/2.1/apps/ssd1306_oled_Test/esp8266/build_contexts/build_ctx_948793274/build/objs/lwip/netbuf.o
  CC    ./src/api/err.c -> /fwbuild-volumes/2.1/apps/ssd1306_oled_Test/esp8266/build_contexts/build_ctx_948793274/build/objs/lwip/err.o
  CC    ./src/api/api_msg.c -> /fwbuild-volumes/2.1/apps/ssd1306_oled_Test/esp8266/build_contexts/build_ctx_948793274/build/objs/lwip/api_msg.o
  CC    ./src/api/sockets.c -> /fwbuild-volumes/2.1/apps/ssd1306_oled_Test/esp8266/build_contexts/build_ctx_948793274/build/objs/lwip/sockets.o
  CC    ./espressif/app/espconn.c -> /fwbuild-volumes/2.1/apps/ssd1306_oled_Test/esp8266/build_contexts/build_ctx_948793274/build/objs/lwip/espconn.o
  CC    ./espressif/app/espconn_buf.c -> /fwbuild-volumes/2.1/apps/ssd1306_oled_Test/esp8266/build_contexts/build_ctx_948793274/build/objs/lwip/espconn_buf.o
  CC    ./espressif/app/netio.c -> /fwbuild-volumes/2.1/apps/ssd1306_oled_Test/esp8266/build_contexts/build_ctx_948793274/build/objs/lwip/netio.o
  CC    ./espressif/app/espconn_tcp.c -> /fwbuild-volumes/2.1/apps/ssd1306_oled_Test/esp8266/build_contexts/build_ctx_948793274/build/objs/lwip/espconn_tcp.o
  CC    ./espressif/app/ping.c -> /fwbuild-volumes/2.1/apps/ssd1306_oled_Test/esp8266/build_contexts/build_ctx_948793274/build/objs/lwip/ping.o
  CC    ./espressif/app/dhcpserver.c -> /fwbuild-volumes/2.1/apps/ssd1306_oled_Test/esp8266/build_contexts/build_ctx_948793274/build/objs/lwip/dhcpserver.o
  CC    ./espressif/app/espconn_mdns.c -> /fwbuild-volumes/2.1/apps/ssd1306_oled_Test/esp8266/build_contexts/build_ctx_948793274/build/objs/lwip/espconn_mdns.o
  CC    ./espressif/app/espconn_udp.c -> /fwbuild-volumes/2.1/apps/ssd1306_oled_Test/esp8266/build_contexts/build_ctx_948793274/build/objs/lwip/espconn_udp.o
  AR /fwbuild-volumes/2.1/apps/ssd1306_oled_Test/esp8266/build_contexts/build_ctx_948793274/build/objs/lwip/liblwip_cs.a
make[1]: Leaving directory '/opt/Espressif/cs_lwip'
make: *** wait: No child processes.  Stop.
Error: exit status 2
